This file contains any messages produced by compilers while
running configure, to aid debugging if configure makes a mistake.

It was created by configure, which was
generated by GNU Autoconf 2.59.  Invocation command line was

  $ ./configure 

## --------- ##
## Platform. ##
## --------- ##

hostname = Compaq
uname -m = i386
uname -r = 2.0_RC3
uname -s = NetBSD
uname -v = NetBSD 2.0_RC3 (COMPAQ-$Revision: 1.1 $) #15: Thu Oct  7 19:12:33 CEST 2004  alex@Compaq:/usr/obj/sys/arch/i386/compile/COMPAQ

/usr/bin/uname -p = i386
/bin/uname -X     = unknown

/bin/arch              = unknown
/usr/bin/arch -k       = unknown
/usr/convex/getsysinfo = unknown
hostinfo               = unknown
/bin/machine           = unknown
/usr/bin/oslevel       = unknown
/bin/universe          = unknown

PATH: /home/alex/bin
PATH: /bin
PATH: /sbin
PATH: /usr/bin
PATH: /usr/sbin
PATH: /usr/X11R6/bin
PATH: /usr/pkg/bin
PATH: /usr/pkg/sbin
PATH: /usr/games
PATH: /usr/local/bin
PATH: /usr/local/sbin


## ----------- ##
## Core tests. ##
## ----------- ##

configure:1536: checking for a BSD-compatible install
configure:1591: result: /usr/bin/install -c
configure:1602: checking whether build environment is sane
configure:1645: result: yes
configure:1710: checking for gawk
configure:1726: found /usr/pkg/bin/gawk
configure:1736: result: gawk
configure:1746: checking whether make sets $(MAKE)
configure:1766: result: yes
configure:1949: checking for style of include used by make
configure:1977: result: GNU
configure:2048: checking for gcc
configure:2064: found /usr/bin/gcc
configure:2074: result: gcc
configure:2318: checking for C compiler version
configure:2321: gcc --version </dev/null >&5
gcc (GCC) 3.3.3 (NetBSD nb3 20040520)
Copyright (C) 2003 Free Software Foundation, Inc.
This is free software; see the source for copying conditions.  There is NO
warranty; not even for MERCHANTABILITY or FITNESS FOR A PARTICULAR PURPOSE.

configure:2324: $? = 0
configure:2326: gcc -v </dev/null >&5
Using built-in specs.
Configured with: /home/nick/work/netbsd/src/tools/gcc/../../gnu/dist/gcc/configure --enable-long-long --disable-multilib --enable-threads --disable-symvers --build=i386-unknown-netbsdelf --host=i386--netbsdelf --target=i386--netbsdelf
Thread model: posix
gcc version 3.3.3 (NetBSD nb3 20040520)
configure:2329: $? = 0
configure:2331: gcc -V </dev/null >&5
gcc: `-V' option must have argument
configure:2334: $? = 1
configure:2357: checking for C compiler default output file name
configure:2360: gcc    conftest.c  >&5
configure:2363: $? = 0
configure:2409: result: a.out
configure:2414: checking whether the C compiler works
configure:2420: ./a.out
configure:2423: $? = 0
configure:2440: result: yes
configure:2447: checking whether we are cross compiling
configure:2449: result: no
configure:2452: checking for suffix of executables
configure:2454: gcc -o conftest    conftest.c  >&5
configure:2457: $? = 0
configure:2482: result: 
configure:2488: checking for suffix of object files
configure:2509: gcc -c   conftest.c >&5
configure:2512: $? = 0
configure:2534: result: o
configure:2538: checking whether we are using the GNU C compiler
configure:2562: gcc -c   conftest.c >&5
configure:2568: $? = 0
configure:2572: test -z 
			 || test ! -s conftest.err
configure:2575: $? = 0
configure:2578: test -s conftest.o
configure:2581: $? = 0
configure:2594: result: yes
configure:2600: checking whether gcc accepts -g
configure:2621: gcc -c -g  conftest.c >&5
configure:2627: $? = 0
configure:2631: test -z 
			 || test ! -s conftest.err
configure:2634: $? = 0
configure:2637: test -s conftest.o
configure:2640: $? = 0
configure:2651: result: yes
configure:2668: checking for gcc option to accept ANSI C
configure:2738: gcc  -c -g -O2  conftest.c >&5
configure:2744: $? = 0
configure:2748: test -z 
			 || test ! -s conftest.err
configure:2751: $? = 0
configure:2754: test -s conftest.o
configure:2757: $? = 0
configure:2775: result: none needed
configure:2793: gcc -c -g -O2  conftest.c >&5
conftest.c:2: error: parse error before "me"
configure:2799: $? = 1
configure: failed program was:
| #ifndef __cplusplus
|   choke me
| #endif
configure:2934: checking dependency style of gcc
configure:3024: result: gcc3
configure:3042: checking for library containing strerror
configure:3072: gcc -o conftest -g -O2   conftest.c  >&5
configure:3078: $? = 0
configure:3082: test -z 
			 || test ! -s conftest.err
configure:3085: $? = 0
configure:3088: test -s conftest
configure:3091: $? = 0
configure:3161: result: none required
configure:3222: checking for g++
configure:3238: found /usr/bin/g++
configure:3248: result: g++
configure:3264: checking for C++ compiler version
configure:3267: g++ --version </dev/null >&5
g++ (GCC) 3.3.3 (NetBSD nb3 20040520)
Copyright (C) 2003 Free Software Foundation, Inc.
This is free software; see the source for copying conditions.  There is NO
warranty; not even for MERCHANTABILITY or FITNESS FOR A PARTICULAR PURPOSE.

configure:3270: $? = 0
configure:3272: g++ -v </dev/null >&5
Using built-in specs.
Configured with: /home/nick/work/netbsd/src/tools/gcc/../../gnu/dist/gcc/configure --enable-long-long --disable-multilib --enable-threads --disable-symvers --build=i386-unknown-netbsdelf --host=i386--netbsdelf --target=i386--netbsdelf
Thread model: posix
gcc version 3.3.3 (NetBSD nb3 20040520)
configure:3275: $? = 0
configure:3277: g++ -V </dev/null >&5
g++: `-V' option must have argument
configure:3280: $? = 1
configure:3283: checking whether we are using the GNU C++ compiler
configure:3307: g++ -c   conftest.cc >&5
configure:3313: $? = 0
configure:3317: test -z 
			 || test ! -s conftest.err
configure:3320: $? = 0
configure:3323: test -s conftest.o
configure:3326: $? = 0
configure:3339: result: yes
configure:3345: checking whether g++ accepts -g
configure:3366: g++ -c -g  conftest.cc >&5
configure:3372: $? = 0
configure:3376: test -z 
			 || test ! -s conftest.err
configure:3379: $? = 0
configure:3382: test -s conftest.o
configure:3385: $? = 0
configure:3396: result: yes
configure:3438: g++ -c   conftest.cc >&5
configure:3444: $? = 0
configure:3448: test -z 
			 || test ! -s conftest.err
configure:3451: $? = 0
configure:3454: test -s conftest.o
configure:3457: $? = 0
configure:3483: g++ -c   conftest.cc >&5
conftest.cc: In function `int main()':
conftest.cc:15: error: `exit' undeclared (first use this function)
conftest.cc:15: error: (Each undeclared identifier is reported only once for 
   each function it appears in.)
configure:3489: $? = 1
configure: failed program was:
| /* confdefs.h.  */
| 
| #define PACKAGE_NAME ""
| #define PACKAGE_TARNAME ""
| #define PACKAGE_VERSION ""
| #define PACKAGE_STRING ""
| #define PACKAGE_BUGREPORT ""
| #define PACKAGE "KDTree"
| #define VERSION "0.1"
| /* end confdefs.h.  */
| 
| int
| main ()
| {
| exit (42);
|   ;
|   return 0;
| }
configure:3438: g++ -c   conftest.cc >&5
configure:3444: $? = 0
configure:3448: test -z 
			 || test ! -s conftest.err
configure:3451: $? = 0
configure:3454: test -s conftest.o
configure:3457: $? = 0
configure:3483: g++ -c   conftest.cc >&5
configure:3489: $? = 0
configure:3493: test -z 
			 || test ! -s conftest.err
configure:3496: $? = 0
configure:3499: test -s conftest.o
configure:3502: $? = 0
configure:3527: checking dependency style of g++
configure:3617: result: gcc3
configure:3680: checking for gcc
configure:3706: result: gcc
configure:3950: checking for C compiler version
configure:3953: gcc --version </dev/null >&5
gcc (GCC) 3.3.3 (NetBSD nb3 20040520)
Copyright (C) 2003 Free Software Foundation, Inc.
This is free software; see the source for copying conditions.  There is NO
warranty; not even for MERCHANTABILITY or FITNESS FOR A PARTICULAR PURPOSE.

configure:3956: $? = 0
configure:3958: gcc -v </dev/null >&5
Using built-in specs.
Configured with: /home/nick/work/netbsd/src/tools/gcc/../../gnu/dist/gcc/configure --enable-long-long --disable-multilib --enable-threads --disable-symvers --build=i386-unknown-netbsdelf --host=i386--netbsdelf --target=i386--netbsdelf
Thread model: posix
gcc version 3.3.3 (NetBSD nb3 20040520)
configure:3961: $? = 0
configure:3963: gcc -V </dev/null >&5
gcc: `-V' option must have argument
configure:3966: $? = 1
configure:3969: checking whether we are using the GNU C compiler
configure:4025: result: yes
configure:4031: checking whether gcc accepts -g
configure:4082: result: yes
configure:4099: checking for gcc option to accept ANSI C
configure:4206: result: none needed
configure:4224: gcc -c -g -O2  conftest.c >&5
conftest.c:2: error: parse error before "me"
configure:4230: $? = 1
configure: failed program was:
| #ifndef __cplusplus
|   choke me
| #endif
configure:4365: checking dependency style of gcc
configure:4455: result: gcc3
configure:4480: checking how to run the C preprocessor
configure:4515: gcc -E  conftest.c
configure:4521: $? = 0
configure:4553: gcc -E  conftest.c
conftest.c:14:28: ac_nonexistent.h: No such file or directory
configure:4559: $? = 1
configure: failed program was:
| /* confdefs.h.  */
| 
| #define PACKAGE_NAME ""
| #define PACKAGE_TARNAME ""
| #define PACKAGE_VERSION ""
| #define PACKAGE_STRING ""
| #define PACKAGE_BUGREPORT ""
| #define PACKAGE "KDTree"
| #define VERSION "0.1"
| #ifdef __cplusplus
| extern "C" void std::exit (int) throw (); using std::exit;
| #endif
| /* end confdefs.h.  */
| #include <ac_nonexistent.h>
configure:4598: result: gcc -E
configure:4622: gcc -E  conftest.c
configure:4628: $? = 0
configure:4660: gcc -E  conftest.c
conftest.c:14:28: ac_nonexistent.h: No such file or directory
configure:4666: $? = 1
configure: failed program was:
| /* confdefs.h.  */
| 
| #define PACKAGE_NAME ""
| #define PACKAGE_TARNAME ""
| #define PACKAGE_VERSION ""
| #define PACKAGE_STRING ""
| #define PACKAGE_BUGREPORT ""
| #define PACKAGE "KDTree"
| #define VERSION "0.1"
| #ifdef __cplusplus
| extern "C" void std::exit (int) throw (); using std::exit;
| #endif
| /* end confdefs.h.  */
| #include <ac_nonexistent.h>
configure:4710: checking for egrep
configure:4720: result: grep -E
configure:4725: checking for ANSI C header files
configure:4750: gcc -c -g -O2  conftest.c >&5
configure:4756: $? = 0
configure:4760: test -z 
			 || test ! -s conftest.err
configure:4763: $? = 0
configure:4766: test -s conftest.o
configure:4769: $? = 0
configure:4858: gcc -o conftest -g -O2   conftest.c  >&5
configure:4861: $? = 0
configure:4863: ./conftest
configure:4866: $? = 0
configure:4881: result: yes
configure:4969: checking build system type
configure:4987: result: i386-unknown-netbsdelf2.0.
configure:4995: checking host system type
configure:5009: result: i386-unknown-netbsdelf2.0.
configure:5017: checking for a sed that does not truncate output
configure:5071: result: /usr/bin/sed
configure:5085: checking for ld used by gcc
configure:5152: result: /usr/bin/ld
configure:5161: checking if the linker (/usr/bin/ld) is GNU ld
configure:5176: result: yes
configure:5181: checking for /usr/bin/ld option to reload object files
configure:5188: result: -r
configure:5206: checking for BSD-compatible nm
configure:5248: result: /usr/bin/nm -B
configure:5252: checking whether ln -s works
configure:5256: result: yes
configure:5263: checking how to recognise dependent libraries
configure:5435: result: match_pattern /lib[^/]+(\.so|_pic\.a)$
configure:5657: checking for sys/types.h
configure:5673: gcc -c -g -O2  conftest.c >&5
configure:5679: $? = 0
configure:5683: test -z 
			 || test ! -s conftest.err
configure:5686: $? = 0
configure:5689: test -s conftest.o
configure:5692: $? = 0
configure:5703: result: yes
configure:5657: checking for sys/stat.h
configure:5673: gcc -c -g -O2  conftest.c >&5
configure:5679: $? = 0
configure:5683: test -z 
			 || test ! -s conftest.err
configure:5686: $? = 0
configure:5689: test -s conftest.o
configure:5692: $? = 0
configure:5703: result: yes
configure:5657: checking for stdlib.h
configure:5673: gcc -c -g -O2  conftest.c >&5
configure:5679: $? = 0
configure:5683: test -z 
			 || test ! -s conftest.err
configure:5686: $? = 0
configure:5689: test -s conftest.o
configure:5692: $? = 0
configure:5703: result: yes
configure:5657: checking for string.h
configure:5673: gcc -c -g -O2  conftest.c >&5
configure:5679: $? = 0
configure:5683: test -z 
			 || test ! -s conftest.err
configure:5686: $? = 0
configure:5689: test -s conftest.o
configure:5692: $? = 0
configure:5703: result: yes
configure:5657: checking for memory.h
configure:5673: gcc -c -g -O2  conftest.c >&5
configure:5679: $? = 0
configure:5683: test -z 
			 || test ! -s conftest.err
configure:5686: $? = 0
configure:5689: test -s conftest.o
configure:5692: $? = 0
configure:5703: result: yes
configure:5657: checking for strings.h
configure:5673: gcc -c -g -O2  conftest.c >&5
configure:5679: $? = 0
configure:5683: test -z 
			 || test ! -s conftest.err
configure:5686: $? = 0
configure:5689: test -s conftest.o
configure:5692: $? = 0
configure:5703: result: yes
configure:5657: checking for inttypes.h
configure:5673: gcc -c -g -O2  conftest.c >&5
configure:5679: $? = 0
configure:5683: test -z 
			 || test ! -s conftest.err
configure:5686: $? = 0
configure:5689: test -s conftest.o
configure:5692: $? = 0
configure:5703: result: yes
configure:5657: checking for stdint.h
configure:5673: gcc -c -g -O2  conftest.c >&5
configure:5679: $? = 0
configure:5683: test -z 
			 || test ! -s conftest.err
configure:5686: $? = 0
configure:5689: test -s conftest.o
configure:5692: $? = 0
configure:5703: result: yes
configure:5657: checking for unistd.h
configure:5673: gcc -c -g -O2  conftest.c >&5
configure:5679: $? = 0
configure:5683: test -z 
			 || test ! -s conftest.err
configure:5686: $? = 0
configure:5689: test -s conftest.o
configure:5692: $? = 0
configure:5703: result: yes
configure:5729: checking dlfcn.h usability
configure:5741: gcc -c -g -O2  conftest.c >&5
configure:5747: $? = 0
configure:5751: test -z 
			 || test ! -s conftest.err
configure:5754: $? = 0
configure:5757: test -s conftest.o
configure:5760: $? = 0
configure:5770: result: yes
configure:5774: checking dlfcn.h presence
configure:5784: gcc -E  conftest.c
configure:5790: $? = 0
configure:5810: result: yes
configure:5845: checking for dlfcn.h
configure:5852: result: yes
configure:5875: checking how to run the C++ preprocessor
configure:5906: g++ -E  conftest.cc
configure:5912: $? = 0
configure:5944: g++ -E  conftest.cc
conftest.cc:25:28: ac_nonexistent.h: No such file or directory
configure:5950: $? = 1
configure: failed program was:
| /* confdefs.h.  */
| 
| #define PACKAGE_NAME ""
| #define PACKAGE_TARNAME ""
| #define PACKAGE_VERSION ""
| #define PACKAGE_STRING ""
| #define PACKAGE_BUGREPORT ""
| #define PACKAGE "KDTree"
| #define VERSION "0.1"
| #ifdef __cplusplus
| extern "C" void std::exit (int) throw (); using std::exit;
| #endif
| #define STDC_HEADERS 1
| #define HAVE_SYS_TYPES_H 1
| #define HAVE_SYS_STAT_H 1
| #define HAVE_STDLIB_H 1
| #define HAVE_STRING_H 1
| #define HAVE_MEMORY_H 1
| #define HAVE_STRINGS_H 1
| #define HAVE_INTTYPES_H 1
| #define HAVE_STDINT_H 1
| #define HAVE_UNISTD_H 1
| #define HAVE_DLFCN_H 1
| /* end confdefs.h.  */
| #include <ac_nonexistent.h>
configure:5989: result: g++ -E
configure:6013: g++ -E  conftest.cc
configure:6019: $? = 0
configure:6051: g++ -E  conftest.cc
conftest.cc:25:28: ac_nonexistent.h: No such file or directory
configure:6057: $? = 1
configure: failed program was:
| /* confdefs.h.  */
| 
| #define PACKAGE_NAME ""
| #define PACKAGE_TARNAME ""
| #define PACKAGE_VERSION ""
| #define PACKAGE_STRING ""
| #define PACKAGE_BUGREPORT ""
| #define PACKAGE "KDTree"
| #define VERSION "0.1"
| #ifdef __cplusplus
| extern "C" void std::exit (int) throw (); using std::exit;
| #endif
| #define STDC_HEADERS 1
| #define HAVE_SYS_TYPES_H 1
| #define HAVE_SYS_STAT_H 1
| #define HAVE_STDLIB_H 1
| #define HAVE_STRING_H 1
| #define HAVE_MEMORY_H 1
| #define HAVE_STRINGS_H 1
| #define HAVE_INTTYPES_H 1
| #define HAVE_STDINT_H 1
| #define HAVE_UNISTD_H 1
| #define HAVE_DLFCN_H 1
| /* end confdefs.h.  */
| #include <ac_nonexistent.h>
configure:6154: checking for g77
configure:6170: found /usr/bin/g77
configure:6180: result: g77
configure:6195: checking for Fortran 77 compiler version
configure:6198: g77 --version </dev/null >&5
GNU Fortran (GCC) 3.3.3 (NetBSD nb3 20040520)
Copyright (C) 2002 Free Software Foundation, Inc.

GNU Fortran comes with NO WARRANTY, to the extent permitted by law.
You may redistribute copies of GNU Fortran
under the terms of the GNU General Public License.
For more information about these matters, see the file named COPYING
or type the command `info -f g77 Copying'.
configure:6201: $? = 0
configure:6203: g77 -v </dev/null >&5
Using built-in specs.
Configured with: /home/nick/work/netbsd/src/tools/gcc/../../gnu/dist/gcc/configure --enable-long-long --disable-multilib --enable-threads --disable-symvers --build=i386-unknown-netbsdelf --host=i386--netbsdelf --target=i386--netbsdelf
Thread model: posix
gcc version 3.3.3 (NetBSD nb3 20040520)
configure:6206: $? = 0
configure:6208: g77 -V </dev/null >&5
g77: `-V' option must have argument
configure:6211: $? = 1
configure:6219: checking whether we are using the GNU Fortran 77 compiler
configure:6233: g77 -c  conftest.F >&5
configure:6239: $? = 0
configure:6243: test -z 
			 || test ! -s conftest.err
configure:6246: $? = 0
configure:6249: test -s conftest.o
configure:6252: $? = 0
configure:6265: result: yes
configure:6271: checking whether g77 accepts -g
configure:6283: g77 -c -g conftest.f >&5
configure:6289: $? = 0
configure:6293: test -z 
			 || test ! -s conftest.err
configure:6296: $? = 0
configure:6299: test -s conftest.o
configure:6302: $? = 0
configure:6314: result: yes
configure:6344: checking the maximum length of command line arguments
configure:6423: result: 65536
configure:6434: checking command to parse /usr/bin/nm -B output from gcc object
configure:6530: gcc -c -g -O2  conftest.c >&5
configure:6533: $? = 0
configure:6537: /usr/bin/nm -B conftest.o \| sed -n -e 's/^.*[ 	]\([ABCDGIRSTW][ABCDGIRSTW]*\)[ 	][ 	]*\(\)\([_A-Za-z][_A-Za-z0-9]*\)$/\1 \2\3 \3/p' \> conftest.nm
configure:6540: $? = 0
configure:6592: gcc -o conftest -g -O2   conftest.c conftstm.o >&5
configure:6595: $? = 0
configure:6633: result: ok
configure:6637: checking for objdir
configure:6652: result: .libs
configure:6742: checking for ar
configure:6758: found /usr/bin/ar
configure:6769: result: ar
configure:6822: checking for ranlib
configure:6838: found /usr/bin/ranlib
configure:6849: result: ranlib
configure:6902: checking for strip
configure:6918: found /usr/bin/strip
configure:6929: result: strip
configure:7193: checking if gcc static flag  works
configure:7216: result: yes
configure:7234: checking if gcc supports -fno-rtti -fno-exceptions
configure:7252: gcc -c -g -O2  -fno-rtti -fno-exceptions conftest.c >&5
cc1: warning: "-fno-rtti" is valid for C++ but not for C/ObjC
configure:7256: $? = 0
configure:7267: result: no
configure:7282: checking for gcc option to produce PIC
configure:7469: result: -fPIC
configure:7477: checking if gcc PIC flag -fPIC works
configure:7495: gcc -c -g -O2  -fPIC -DPIC conftest.c >&5
configure:7499: $? = 0
configure:7510: result: yes
configure:7534: checking if gcc supports -c -o file.o
configure:7555: gcc -c -g -O2  -o out/conftest2.o conftest.c >&5
configure:7559: $? = 0
configure:7579: result: yes
configure:7605: checking whether the gcc linker (/usr/bin/ld) supports shared libraries
configure:8454: result: yes
configure:8480: checking whether -lc should be explicitly linked in
configure:8485: gcc -c -g -O2  conftest.c >&5
configure:8488: $? = 0
configure:8502: gcc -shared conftest.o  -v -Wl,-soname -Wl,conftest -o conftest 2\>\&1 \| grep  -lc  \>/dev/null 2\>\&1
configure:8505: $? = 1
configure:8517: result: yes
configure:8525: checking dynamic linker characteristics
configure:9065: result: NetBSD ld.elf_so
configure:9069: checking how to hardcode library paths into programs
configure:9094: result: immediate
configure:9108: checking whether stripping libraries is possible
configure:9113: result: yes
configure:9943: checking if libtool supports shared libraries
configure:9945: result: yes
configure:9948: checking whether to build shared libraries
configure:9969: result: yes
configure:9972: checking whether to build static libraries
configure:9976: result: yes
configure:10068: creating libtool
configure:10617: checking for ld used by g++
configure:10684: result: /usr/bin/ld
configure:10693: checking if the linker (/usr/bin/ld) is GNU ld
configure:10708: result: yes
configure:10759: checking whether the g++ linker (/usr/bin/ld) supports shared libraries
configure:11626: result: yes
configure:11644: g++ -c   conftest.cc >&5
configure:11647: $? = 0
configure:11743: checking for g++ option to produce PIC
configure:12005: result: -fPIC
configure:12013: checking if g++ PIC flag -fPIC works
configure:12031: g++ -c   -fPIC -DPIC conftest.cc >&5
configure:12035: $? = 0
configure:12046: result: yes
configure:12070: checking if g++ supports -c -o file.o
configure:12091: g++ -c   -o out/conftest2.o conftest.cc >&5
configure:12095: $? = 0
configure:12115: result: yes
configure:12141: checking whether the g++ linker (/usr/bin/ld) supports shared libraries
configure:12166: result: yes
configure:12237: checking dynamic linker characteristics
configure:12777: result: NetBSD ld.elf_so
configure:12781: checking how to hardcode library paths into programs
configure:12806: result: immediate
configure:12820: checking whether stripping libraries is possible
configure:12825: result: yes
configure:14132: checking if libtool supports shared libraries
configure:14134: result: yes
configure:14137: checking whether to build shared libraries
configure:14155: result: yes
configure:14158: checking whether to build static libraries
configure:14162: result: yes
configure:14174: checking for g77 option to produce PIC
configure:14361: result: -fPIC
configure:14369: checking if g77 PIC flag -fPIC works
configure:14387: g77 -c -g -O2 -fPIC conftest.f >&5
configure:14391: $? = 0
configure:14402: result: yes
configure:14426: checking if g77 supports -c -o file.o
configure:14447: g77 -c -g -O2 -o out/conftest2.o conftest.f >&5
configure:14451: $? = 0
configure:14471: result: yes
configure:14497: checking whether the g77 linker (/usr/bin/ld) supports shared libraries
configure:15326: result: yes
configure:15397: checking dynamic linker characteristics
configure:15937: result: NetBSD ld.elf_so
configure:15941: checking how to hardcode library paths into programs
configure:15966: result: immediate
configure:15980: checking whether stripping libraries is possible
configure:15985: result: yes
configure:20273: creating ./config.status

## ---------------------- ##
## Running config.status. ##
## ---------------------- ##

This file was extended by config.status, which was
generated by GNU Autoconf 2.59.  Invocation command line was

  CONFIG_FILES    = 
  CONFIG_HEADERS  = 
  CONFIG_LINKS    = 
  CONFIG_COMMANDS = 
  $ ./config.status 

on Compaq

config.status:21047: creating Makefile
config.status:21047: creating include/Makefile
config.status:21047: creating src/Makefile
config.status:21150: creating config.h
config.status:21292: config.h is unchanged
config.status:21474: executing depfiles commands

## ---------------- ##
## Cache variables. ##
## ---------------- ##

ac_cv_build=i386-unknown-netbsdelf2.0.
ac_cv_build_alias=i386-unknown-netbsdelf2.0.
ac_cv_c_compiler_gnu=yes
ac_cv_cxx_compiler_gnu=yes
ac_cv_env_CC_set=
ac_cv_env_CC_value=
ac_cv_env_CFLAGS_set=
ac_cv_env_CFLAGS_value=
ac_cv_env_CPPFLAGS_set=
ac_cv_env_CPPFLAGS_value=
ac_cv_env_CPP_set=
ac_cv_env_CPP_value=
ac_cv_env_CXXCPP_set=
ac_cv_env_CXXCPP_value=
ac_cv_env_CXXFLAGS_set=
ac_cv_env_CXXFLAGS_value=
ac_cv_env_CXX_set=
ac_cv_env_CXX_value=
ac_cv_env_F77_set=
ac_cv_env_F77_value=
ac_cv_env_FFLAGS_set=
ac_cv_env_FFLAGS_value=
ac_cv_env_LDFLAGS_set=
ac_cv_env_LDFLAGS_value=
ac_cv_env_build_alias_set=
ac_cv_env_build_alias_value=
ac_cv_env_host_alias_set=
ac_cv_env_host_alias_value=
ac_cv_env_target_alias_set=
ac_cv_env_target_alias_value=
ac_cv_exeext=
ac_cv_f77_compiler_gnu=yes
ac_cv_header_dlfcn_h=yes
ac_cv_header_inttypes_h=yes
ac_cv_header_memory_h=yes
ac_cv_header_stdc=yes
ac_cv_header_stdint_h=yes
ac_cv_header_stdlib_h=yes
ac_cv_header_string_h=yes
ac_cv_header_strings_h=yes
ac_cv_header_sys_stat_h=yes
ac_cv_header_sys_types_h=yes
ac_cv_header_unistd_h=yes
ac_cv_host=i386-unknown-netbsdelf2.0.
ac_cv_host_alias=i386-unknown-netbsdelf2.0.
ac_cv_objext=o
ac_cv_path_install='/usr/bin/install -c'
ac_cv_prog_AWK=gawk
ac_cv_prog_CPP='gcc -E'
ac_cv_prog_CXXCPP='g++ -E'
ac_cv_prog_ac_ct_AR=ar
ac_cv_prog_ac_ct_CC=gcc
ac_cv_prog_ac_ct_CXX=g++
ac_cv_prog_ac_ct_F77=g77
ac_cv_prog_ac_ct_RANLIB=ranlib
ac_cv_prog_ac_ct_STRIP=strip
ac_cv_prog_cc_g=yes
ac_cv_prog_cc_stdc=
ac_cv_prog_cxx_g=yes
ac_cv_prog_egrep='grep -E'
ac_cv_prog_f77_g=yes
ac_cv_prog_make_make_set=yes
ac_cv_search_strerror='none required'
am_cv_CC_dependencies_compiler_type=gcc3
am_cv_CXX_dependencies_compiler_type=gcc3
am_cv_prog_cc_stdc=
lt_cv_deplibs_check_method='match_pattern /lib[^/]+(\.so|_pic\.a)$'
lt_cv_file_magic_cmd='$MAGIC_CMD'
lt_cv_file_magic_test_file=
lt_cv_ld_reload_flag=-r
lt_cv_objdir=.libs
lt_cv_path_LD=/usr/bin/ld
lt_cv_path_LDCXX=/usr/bin/ld
lt_cv_path_NM='/usr/bin/nm -B'
lt_cv_path_SED=/usr/bin/sed
lt_cv_prog_compiler_c_o=yes
lt_cv_prog_compiler_c_o_CXX=yes
lt_cv_prog_compiler_c_o_F77=yes
lt_cv_prog_compiler_rtti_exceptions=no
lt_cv_prog_gnu_ld=yes
lt_cv_prog_gnu_ldcxx=yes
lt_cv_sys_global_symbol_pipe='sed -n -e '\''s/^.*[ 	]\([ABCDGIRSTW][ABCDGIRSTW]*\)[ 	][ 	]*\(\)\([_A-Za-z][_A-Za-z0-9]*\)$/\1 \2\3 \3/p'\'
lt_cv_sys_global_symbol_to_c_name_address='sed -n -e '\''s/^: \([^ ]*\) $/  {\"\1\", (lt_ptr) 0},/p'\'' -e '\''s/^[BCDEGRST] \([^ ]*\) \([^ ]*\)$/  {"\2", (lt_ptr) \&\2},/p'\'
lt_cv_sys_global_symbol_to_cdecl='sed -n -e '\''s/^. .* \(.*\)$/extern int \1;/p'\'
lt_cv_sys_max_cmd_len=65536
lt_lt_cv_prog_compiler_c_o='"yes"'
lt_lt_cv_prog_compiler_c_o_CXX='"yes"'
lt_lt_cv_prog_compiler_c_o_F77='"yes"'
lt_lt_cv_sys_global_symbol_pipe='"sed -n -e '\''s/^.*[ 	]\\([ABCDGIRSTW][ABCDGIRSTW]*\\)[ 	][ 	]*\\(\\)\\([_A-Za-z][_A-Za-z0-9]*\\)\$/\\1 \\2\\3 \\3/p'\''"'
lt_lt_cv_sys_global_symbol_to_c_name_address='"sed -n -e '\''s/^: \\([^ ]*\\) \$/  {\\\"\\1\\\", (lt_ptr) 0},/p'\'' -e '\''s/^[BCDEGRST] \\([^ ]*\\) \\([^ ]*\\)\$/  {\"\\2\", (lt_ptr) \\&\\2},/p'\''"'
lt_lt_cv_sys_global_symbol_to_cdecl='"sed -n -e '\''s/^. .* \\(.*\\)\$/extern int \\1;/p'\''"'

## ----------------- ##
## Output variables. ##
## ----------------- ##

ACLOCAL='${SHELL} /home/alex/Projects/KDTree/missing --run aclocal-1.9'
AMDEPBACKSLASH='\'
AMDEP_FALSE='#'
AMDEP_TRUE=''
AMTAR='${SHELL} /home/alex/Projects/KDTree/missing --run tar'
AR='ar'
AUTOCONF='${SHELL} /home/alex/Projects/KDTree/missing --run autoconf'
AUTOHEADER='${SHELL} /home/alex/Projects/KDTree/missing --run autoheader'
AUTOMAKE='${SHELL} /home/alex/Projects/KDTree/missing --run automake-1.9'
AWK='gawk'
CC='gcc'
CCDEPMODE='depmode=gcc3'
CFLAGS='-g -O2'
CPP='gcc -E'
CPPFLAGS=''
CXX='g++'
CXXCPP='g++ -E'
CXXDEPMODE='depmode=gcc3'
CXXFLAGS=''
CYGPATH_W='echo'
DEFS='-DHAVE_CONFIG_H'
DEPDIR='.deps'
ECHO='echo'
ECHO_C=''
ECHO_N='-n'
ECHO_T=''
EGREP='grep -E'
EXEEXT=''
F77='g77'
FFLAGS='-g -O2'
INSTALL_DATA='${INSTALL} -m 644'
INSTALL_PROGRAM='${INSTALL}'
INSTALL_SCRIPT='${INSTALL}'
INSTALL_STRIP_PROGRAM='${SHELL} $(install_sh) -c -s'
LDFLAGS=''
LIBOBJS=''
LIBS=''
LIBTOOL='$(SHELL) $(top_builddir)/libtool'
LN_S='ln -s'
LTLIBOBJS=''
MAKEINFO='${SHELL} /home/alex/Projects/KDTree/missing --run makeinfo'
NO_PREFIX_PACKAGE_DATA_DIR='share'
NO_PREFIX_PACKAGE_DOC_DIR='doc/KDTree'
NO_PREFIX_PACKAGE_HELP_DIR='share/help'
NO_PREFIX_PACKAGE_MENU_DIR='share'
NO_PREFIX_PACKAGE_PIXMAPS_DIR='share/pixmaps'
OBJEXT='o'
PACKAGE='KDTree'
PACKAGE_BUGREPORT=''
PACKAGE_DATA_DIR='/usr/local/share'
PACKAGE_DOC_DIR='/usr/local/doc/KDTree'
PACKAGE_HELP_DIR='/usr/local/share/help'
PACKAGE_MENU_DIR='/usr/local/share'
PACKAGE_NAME=''
PACKAGE_PIXMAPS_DIR='/usr/local/share/pixmaps'
PACKAGE_STRING=''
PACKAGE_TARNAME=''
PACKAGE_VERSION=''
PATH_SEPARATOR=':'
RANLIB='ranlib'
SET_MAKE=''
SHELL='/bin/sh'
STRIP='strip'
VERSION='0.1'
ac_ct_AR='ar'
ac_ct_CC='gcc'
ac_ct_CXX='g++'
ac_ct_F77='g77'
ac_ct_RANLIB='ranlib'
ac_ct_STRIP='strip'
am__fastdepCC_FALSE='#'
am__fastdepCC_TRUE=''
am__fastdepCXX_FALSE='#'
am__fastdepCXX_TRUE=''
am__include='include'
am__leading_dot='.'
am__quote=''
am__tar='${AMTAR} chof - "$$tardir"'
am__untar='${AMTAR} xf -'
bindir='${exec_prefix}/bin'
build='i386-unknown-netbsdelf2.0.'
build_alias=''
build_cpu='i386'
build_os='netbsdelf2.0.'
build_vendor='unknown'
datadir='${prefix}/share'
exec_prefix='${prefix}'
host='i386-unknown-netbsdelf2.0.'
host_alias=''
host_cpu='i386'
host_os='netbsdelf2.0.'
host_vendor='unknown'
includedir='${prefix}/include'
infodir='${prefix}/info'
install_sh='/home/alex/Projects/KDTree/install-sh'
libdir='${exec_prefix}/lib'
libexecdir='${exec_prefix}/libexec'
localstatedir='${prefix}/var'
mandir='${prefix}/man'
mkdir_p='$(install_sh) -d'
oldincludedir='/usr/include'
prefix='/usr/local'
program_transform_name='s,x,x,'
sbindir='${exec_prefix}/sbin'
sharedstatedir='${prefix}/com'
sysconfdir='${prefix}/etc'
target_alias=''

## ----------- ##
## confdefs.h. ##
## ----------- ##

#define HAVE_DLFCN_H 1
#define HAVE_INTTYPES_H 1
#define HAVE_MEMORY_H 1
#define HAVE_STDINT_H 1
#define HAVE_STDLIB_H 1
#define HAVE_STRINGS_H 1
#define HAVE_STRING_H 1
#define HAVE_SYS_STAT_H 1
#define HAVE_SYS_TYPES_H 1
#define HAVE_UNISTD_H 1
#define PACKAGE "KDTree"
#define PACKAGE_BUGREPORT ""
#define PACKAGE_DATA_DIR "/usr/local/share"
#define PACKAGE_DOC_DIR "/usr/local/doc/KDTree"
#define PACKAGE_HELP_DIR "/usr/local/share/help"
#define PACKAGE_MENU_DIR "/usr/local/share"
#define PACKAGE_NAME ""
#define PACKAGE_PIXMAPS_DIR "/usr/local/share/pixmaps"
#define PACKAGE_SOURCE_DIR "/home/alex/Projects/KDTree"
#define PACKAGE_STRING ""
#define PACKAGE_TARNAME ""
#define PACKAGE_VERSION ""
#define STDC_HEADERS 1
#define VERSION "0.1"
#endif
#ifdef __cplusplus
extern "C" void std::exit (int) throw (); using std::exit;

configure: exit 0
